<?xml version="1.0" encoding="UTF-8"?>
<testsuite name="runner.ScorerTest" tests="1" skipped="0" failures="0" errors="0" timestamp="2022-07-08T17:17:46" hostname="C02WW2FSHTD5" time="0.019">
  <properties/>
  <testcase name="itScores()" classname="runner.ScorerTest" time="0.019"/>
  <system-out><![CDATA[]]></system-out>
  <system-err><![CDATA[]]></system-err>
</testsuite>
